2022-10-13 12:16:23,519 INFO  [restartedMain] com.cds.SpringbootCodestarApplication:Starting SpringbootCodestarApplication using Java 11.0.9 on DESKTOP-VH4NOC8 with PID 16336 (C:\Users\Hp\Documents\workspace-spring-tool-suite-4-4.15.3.RELEASE\springboot-codestar\target\classes started by Hp in C:\Users\Hp\Documents\workspace-spring-tool-suite-4-4.15.3.RELEASE\springboot-codestar)
2022-10-13 12:16:23,523 INFO  [restartedMain] com.cds.SpringbootCodestarApplication:No active profile set, falling back to 1 default profile: "default"
2022-10-13 12:16:23,754 INFO  [restartedMain] org.springframework.boot.devtools.env.DevToolsPropertyDefaultsPostProcessor:Devtools property defaults active! Set 'spring.devtools.add-properties' to 'false' to disable
2022-10-13 12:16:23,755 INFO  [restartedMain] org.springframework.boot.devtools.env.DevToolsPropertyDefaultsPostProcessor:For additional web related logging consider setting the 'logging.level.web' property to 'DEBUG'
2022-10-13 12:16:27,081 INFO  [restartedMain] org.springframework.data.repository.config.RepositoryConfigurationDelegate:Bootstrapping Spring Data JPA repositories in DEFAULT mode.
2022-10-13 12:16:27,379 INFO  [restartedMain] org.springframework.data.repository.config.RepositoryConfigurationDelegate:Finished Spring Data repository scanning in 229 ms. Found 2 JPA repository interfaces.
2022-10-13 12:16:29,423 INFO  [restartedMain] org.springframework.boot.web.embedded.tomcat.TomcatWebServer:Tomcat initialized with port(s): 8081 (http)
2022-10-13 12:16:29,460 INFO  [restartedMain] org.apache.catalina.core.StandardService:Starting service [Tomcat]
2022-10-13 12:16:29,463 INFO  [restartedMain] org.apache.catalina.core.StandardEngine:Starting Servlet engine: [Apache Tomcat/9.0.65]
2022-10-13 12:16:29,985 INFO  [restartedMain] org.apache.catalina.core.ContainerBase.[Tomcat].[localhost].[/]:Initializing Spring embedded WebApplicationContext
2022-10-13 12:16:29,987 INFO  [restartedMain] org.springframework.boot.web.servlet.context.ServletWebServerApplicationContext:Root WebApplicationContext: initialization completed in 6230 ms
2022-10-13 12:16:30,849 INFO  [restartedMain] org.hibernate.jpa.internal.util.LogHelper:HHH000204: Processing PersistenceUnitInfo [name: default]
2022-10-13 12:16:31,049 INFO  [restartedMain] org.hibernate.Version:HHH000412: Hibernate ORM core version 5.6.11.Final
2022-10-13 12:16:31,664 INFO  [restartedMain] org.hibernate.annotations.common.Version:HCANN000001: Hibernate Commons Annotations {5.1.2.Final}
2022-10-13 12:16:32,137 INFO  [restartedMain] com.zaxxer.hikari.HikariDataSource:HikariPool-1 - Starting...
2022-10-13 12:16:33,279 INFO  [restartedMain] com.zaxxer.hikari.HikariDataSource:HikariPool-1 - Start completed.
2022-10-13 12:16:33,362 INFO  [restartedMain] org.hibernate.dialect.Dialect:HHH000400: Using dialect: org.hibernate.dialect.MySQL8Dialect
2022-10-13 12:16:36,413 INFO  [restartedMain] org.hibernate.engine.transaction.jta.platform.internal.JtaPlatformInitiator:HHH000490: Using JtaPlatform implementation: [org.hibernate.engine.transaction.jta.platform.internal.NoJtaPlatform]
2022-10-13 12:16:36,444 INFO  [restartedMain] org.springframework.orm.jpa.LocalContainerEntityManagerFactoryBean:Initialized JPA EntityManagerFactory for persistence unit 'default'
2022-10-13 12:16:38,198 WARN  [restartedMain] org.springframework.boot.autoconfigure.orm.jpa.JpaBaseConfiguration$JpaWebConfiguration:spring.jpa.open-in-view is enabled by default. Therefore, database queries may be performed during view rendering. Explicitly configure spring.jpa.open-in-view to disable this warning
2022-10-13 12:16:39,810 INFO  [restartedMain] org.springframework.boot.devtools.autoconfigure.OptionalLiveReloadServer:LiveReload server is running on port 35729
2022-10-13 12:16:39,830 INFO  [restartedMain] org.springframework.boot.actuate.endpoint.web.EndpointLinksResolver:Exposing 4 endpoint(s) beneath base path '/actuator'
2022-10-13 12:16:40,063 INFO  [restartedMain] org.springframework.boot.web.embedded.tomcat.TomcatWebServer:Tomcat started on port(s): 8081 (http) with context path ''
2022-10-13 12:16:40,135 INFO  [restartedMain] com.cds.SpringbootCodestarApplication:Started SpringbootCodestarApplication in 18.554 seconds (JVM running for 21.88)
2022-10-13 12:17:16,875 INFO  [http-nio-8081-exec-1] org.apache.catalina.core.ContainerBase.[Tomcat].[localhost].[/]:Initializing Spring DispatcherServlet 'dispatcherServlet'
2022-10-13 12:17:16,878 INFO  [http-nio-8081-exec-1] org.springframework.web.servlet.DispatcherServlet:Initializing Servlet 'dispatcherServlet'
2022-10-13 12:17:16,882 INFO  [http-nio-8081-exec-1] org.springframework.web.servlet.DispatcherServlet:Completed initialization in 3 ms
2022-10-13 12:17:17,023 WARN  [http-nio-8081-exec-1] com.cds.controller.CompanyController:*****************WARNING******************/companies
2022-10-13 12:19:18,695 INFO  [RMI TCP Connection(11)-127.0.0.1] org.springframework.boot.admin.SpringApplicationAdminMXBeanRegistrar$SpringApplicationAdmin:Application shutdown requested.
2022-10-13 12:19:19,206 INFO  [RMI TCP Connection(11)-127.0.0.1] org.apache.catalina.core.StandardService:Stopping service [Tomcat]
2022-10-13 12:19:19,212 INFO  [RMI TCP Connection(11)-127.0.0.1] org.apache.catalina.core.ContainerBase.[Tomcat].[localhost].[/]:Destroying Spring FrameworkServlet 'dispatcherServlet'
2022-10-13 12:19:19,244 INFO  [RMI TCP Connection(11)-127.0.0.1] org.springframework.orm.jpa.LocalContainerEntityManagerFactoryBean:Closing JPA EntityManagerFactory for persistence unit 'default'
2022-10-13 12:19:19,258 INFO  [RMI TCP Connection(11)-127.0.0.1] com.zaxxer.hikari.HikariDataSource:HikariPool-1 - Shutdown initiated...
2022-10-13 12:19:19,286 INFO  [RMI TCP Connection(11)-127.0.0.1] com.zaxxer.hikari.HikariDataSource:HikariPool-1 - Shutdown completed.
